<?xml version="1.0" encoding="UTF-8"?>
<!-- Generated by org.testng.reporters.JUnitReportReporter -->
<testsuite hostname="sony-PC" name="com.pack1.democlass" tests="1" failures="0" timestamp="1 Apr 2017 16:48:55 GMT" time="24.512" errors="0">
  <testcase name="main" time="24.512" classname="com.pack1.democlass"/>
</testsuite> <!-- com.pack1.democlass -->
